<?xml version="1.0" encoding="UTF-8"?>
<testsuite xmlns:xsi="http://www.w3.org/2001/XMLSchema-instance" xsi:noNamespaceSchemaLocation="https://maven.apache.org/surefire/maven-surefire-plugin/xsd/surefire-test-report.xsd" version="3.0.2" name="br.com.fiap.contacts.ContactsApplicationTests" time="28.589" tests="1" errors="0" skipped="0" failures="0">
  <properties>
[...]
</properties>
  <testcase name="contextLoads" classname="br.com.fiap.contacts.ContactsApplicationTests" time="2.176">
    <system-out><![CDATA[11:40:48.682 [main] INFO org.springframework.test.context.support.AnnotationConfigContextLoaderUtils -- Could not detect default configuration classes for test class [br.com.fiap.contacts.ContactsApplicationTests]: ContactsApplicationTests does not declare any static, non-private, non-final, nested classes annotated with @Configuration.
11:40:49.007 [main] INFO org.springframework.boot.test.context.SpringBootTestContextBootstrapper -- Found @SpringBootConfiguration br.com.fiap.contacts.ContactsApplication for test class br.com.fiap.contacts.ContactsApplicationTests

  .   ____          _            __ _ _
 /\\ / ___'_ __ _ _(_)_ __  __ _ \ \ \ \
( ( )\___ | '_ | '_| | '_ \/ _` | \ \ \ \
 \\/  ___)| |_)| | | | | || (_| |  ) ) ) )
  '  |____| .__|_| |_|_| |_\__, | / / / /
 =========|_|==============|___/=/_/_/_/

 :: Spring Boot ::                (v3.4.4)

2025-04-28T11:40:51.168-03:00  INFO 6088 --- [contacts] [           main] b.c.f.contacts.ContactsApplicationTests  : Starting ContactsApplicationTests using Java 17.0.12 with PID 6088 (started by humbe in C:\Users\humbe\Desktop\projetos\contacts)
2025-04-28T11:40:51.173-03:00  INFO 6088 --- [contacts] [           main] b.c.f.contacts.ContactsApplicationTests  : No active profile set, falling back to 1 default profile: "default"
2025-04-28T11:40:53.497-03:00  INFO 6088 --- [contacts] [           main] .s.d.r.c.RepositoryConfigurationDelegate : Bootstrapping Spring Data JPA repositories in DEFAULT mode.
2025-04-28T11:40:53.692-03:00  INFO 6088 --- [contacts] [           main] .s.d.r.c.RepositoryConfigurationDelegate : Finished Spring Data repository scanning in 173 ms. Found 2 JPA repository interfaces.
2025-04-28T11:40:59.338-03:00  INFO 6088 --- [contacts] [           main] com.zaxxer.hikari.HikariDataSource       : HikariPool-1 - Starting...
2025-04-28T11:41:01.275-03:00  INFO 6088 --- [contacts] [           main] com.zaxxer.hikari.pool.HikariPool        : HikariPool-1 - Added connection oracle.jdbc.driver.T4CConnection@1c84d80a
2025-04-28T11:41:01.279-03:00  INFO 6088 --- [contacts] [           main] com.zaxxer.hikari.HikariDataSource       : HikariPool-1 - Start completed.
2025-04-28T11:41:01.332-03:00  INFO 6088 --- [contacts] [           main] org.flywaydb.core.FlywayExecutor         : Database: jdbc:oracle:thin:@oracle.fiap.com.br:1521:ORCL (Oracle 19.3)
2025-04-28T11:41:02.420-03:00  INFO 6088 --- [contacts] [           main] o.f.core.internal.command.DbValidate     : Successfully validated 0 migrations (execution time 00:00.086s)
2025-04-28T11:41:02.421-03:00  WARN 6088 --- [contacts] [           main] o.f.core.internal.command.DbValidate     : No migrations found. Are your locations set up correctly?
2025-04-28T11:41:02.567-03:00  INFO 6088 --- [contacts] [           main] o.f.core.internal.command.DbMigrate      : Current version of schema "RM554831": << Empty Schema >>
2025-04-28T11:41:02.590-03:00  INFO 6088 --- [contacts] [           main] o.f.core.internal.command.DbMigrate      : Schema "RM554831" is up to date. No migration necessary.
2025-04-28T11:41:02.900-03:00  INFO 6088 --- [contacts] [           main] o.hibernate.jpa.internal.util.LogHelper  : HHH000204: Processing PersistenceUnitInfo [name: default]
2025-04-28T11:41:03.043-03:00  INFO 6088 --- [contacts] [           main] org.hibernate.Version                    : HHH000412: Hibernate ORM core version 6.6.11.Final
2025-04-28T11:41:03.139-03:00  INFO 6088 --- [contacts] [           main] o.h.c.internal.RegionFactoryInitiator    : HHH000026: Second-level cache disabled
2025-04-28T11:41:03.931-03:00  INFO 6088 --- [contacts] [           main] o.s.o.j.p.SpringPersistenceUnitInfo      : No LoadTimeWeaver setup: ignoring JPA class transformer
2025-04-28T11:41:04.149-03:00  INFO 6088 --- [contacts] [           main] org.hibernate.orm.connections.pooling    : HHH10001005: Database info:
	Database JDBC URL [Connecting through datasource 'HikariDataSource (HikariPool-1)']
	Database driver: undefined/unknown
	Database version: 19.3
	Autocommit mode: undefined/unknown
	Isolation level: undefined/unknown
	Minimum pool size: undefined/unknown
	Maximum pool size: undefined/unknown
2025-04-28T11:41:05.764-03:00  INFO 6088 --- [contacts] [           main] o.h.e.t.j.p.i.JtaPlatformInitiator       : HHH000489: No JTA platform available (set 'hibernate.transaction.jta.platform' to enable JTA platform integration)
2025-04-28T11:41:11.714-03:00  INFO 6088 --- [contacts] [           main] j.LocalContainerEntityManagerFactoryBean : Initialized JPA EntityManagerFactory for persistence unit 'default'
2025-04-28T11:41:12.816-03:00  INFO 6088 --- [contacts] [           main] r$InitializeUserDetailsManagerConfigurer : Global AuthenticationManager configured with UserDetailsService bean with name authorizationService
2025-04-28T11:41:12.932-03:00  WARN 6088 --- [contacts] [           main] JpaBaseConfiguration$JpaWebConfiguration : spring.jpa.open-in-view is enabled by default. Therefore, database queries may be performed during view rendering. Explicitly configure spring.jpa.open-in-view to disable this warning
2025-04-28T11:41:14.606-03:00  INFO 6088 --- [contacts] [           main] b.c.f.contacts.ContactsApplicationTests  : Started ContactsApplicationTests in 24.956 seconds (process running for 27.554)
]]></system-out>
  </testcase>
</testsuite>